Determining if the pthread_create exist failed with the following output:
Change Dir: /home/misenn/work/Cocos/Test/CMakeFiles/CMakeTmp

Run Build Command:"/usr/bin/make" "cmTC_0c0ab/fast"
/usr/bin/make -f CMakeFiles/cmTC_0c0ab.dir/build.make CMakeFiles/cmTC_0c0ab.dir/build
make[1]: Entering directory '/home/misenn/work/Cocos/Test/CMakeFiles/CMakeTmp'
Building C object CMakeFiles/cmTC_0c0ab.dir/CheckSymbolExists.c.o
/usr/bin/cc   -std=c99 -std=gnu99 -fPIC    -o CMakeFiles/cmTC_0c0ab.dir/CheckSymbolExists.c.o   -c /home/misenn/work/Cocos/Test/CMakeFiles/CMakeTmp/CheckSymbolExists.c
Linking C executable cmTC_0c0ab
/usr/bin/cmake -E cmake_link_script CMakeFiles/cmTC_0c0ab.dir/link.txt --verbose=1
/usr/bin/cc  -std=c99 -std=gnu99 -fPIC     -rdynamic CMakeFiles/cmTC_0c0ab.dir/CheckSymbolExists.c.o  -o cmTC_0c0ab 
CMakeFiles/cmTC_0c0ab.dir/CheckSymbolExists.c.o: In function `main':
CheckSymbolExists.c:(.text+0x1b): undefined reference to `pthread_create'
collect2: error: ld returned 1 exit status
CMakeFiles/cmTC_0c0ab.dir/build.make:97: recipe for target 'cmTC_0c0ab' failed
make[1]: *** [cmTC_0c0ab] Error 1
make[1]: Leaving directory '/home/misenn/work/Cocos/Test/CMakeFiles/CMakeTmp'
Makefile:126: recipe for target 'cmTC_0c0ab/fast' failed
make: *** [cmTC_0c0ab/fast] Error 2

File /home/misenn/work/Cocos/Test/CMakeFiles/CMakeTmp/CheckSymbolExists.c:
/* */
#include <pthread.h>

int main(int argc, char** argv)
{
  (void)argv;
#ifndef pthread_create
  return ((int*)(&pthread_create))[argc];
#else
  (void)argc;
  return 0;
#endif
}

Determining if the function pthread_create exists in the pthreads failed with the following output:
Change Dir: /home/misenn/work/Cocos/Test/CMakeFiles/CMakeTmp

Run Build Command:"/usr/bin/make" "cmTC_8c1bf/fast"
/usr/bin/make -f CMakeFiles/cmTC_8c1bf.dir/build.make CMakeFiles/cmTC_8c1bf.dir/build
make[1]: Entering directory '/home/misenn/work/Cocos/Test/CMakeFiles/CMakeTmp'
Building C object CMakeFiles/cmTC_8c1bf.dir/CheckFunctionExists.c.o
/usr/bin/cc   -std=c99 -std=gnu99 -fPIC -DCHECK_FUNCTION_EXISTS=pthread_create   -o CMakeFiles/cmTC_8c1bf.dir/CheckFunctionExists.c.o   -c /usr/share/cmake-3.10/Modules/CheckFunctionExists.c
Linking C executable cmTC_8c1bf
/usr/bin/cmake -E cmake_link_script CMakeFiles/cmTC_8c1bf.dir/link.txt --verbose=1
/usr/bin/cc  -std=c99 -std=gnu99 -fPIC -DCHECK_FUNCTION_EXISTS=pthread_create    -rdynamic CMakeFiles/cmTC_8c1bf.dir/CheckFunctionExists.c.o  -o cmTC_8c1bf -lpthreads 
/usr/bin/ld: cannot find -lpthreads
collect2: error: ld returned 1 exit status
CMakeFiles/cmTC_8c1bf.dir/build.make:97: recipe for target 'cmTC_8c1bf' failed
make[1]: *** [cmTC_8c1bf] Error 1
make[1]: Leaving directory '/home/misenn/work/Cocos/Test/CMakeFiles/CMakeTmp'
Makefile:126: recipe for target 'cmTC_8c1bf/fast' failed
make: *** [cmTC_8c1bf/fast] Error 2


